<class 'datetime.datetime'> : Число зерен = 32
2016-10-26T20:26:34.417625 : Число зерен = 32
2016-10-26 20:27:07.169774 : Число зерен = 32
2016-10-26 20:28:04.492546 : Число зерен = 32
26-10-2016 20:28:57 : Число зерен = 32
26-10-2016 20:29:39 : Число зерен = 32
2016-10-26 20:30:33 : Число зерен = 32
2016-10-26 20:31:57 : Число зерен = 32


2016-10-26 20:32:01 : Число зерен = 32


2016-10-26 20:38:15 : Число зерен = 32
2016-10-26 20:38:15 : Минимальная площадь зерна = 10.5
2016-10-26 20:38:15 : Максимальная площадь зерна = 78793.0
2016-10-26 20:38:15 : Средняя площадь зерна = 4720.28125
2016-10-26 20:38:15 : Минимальный периметр зерна = 13.071067690849304
2016-10-26 20:38:15 : Максимальный периметр зерна = 1132.0
2016-10-26 20:38:15 : Средний периметр зерна = 226.19779786095023


2016-10-26 20:38:22 : Число зерен = 32
2016-10-26 20:38:22 : Минимальная площадь зерна = 10.5
2016-10-26 20:38:22 : Максимальная площадь зерна = 78793.0
2016-10-26 20:38:22 : Средняя площадь зерна = 4720.28125
2016-10-26 20:38:22 : Минимальный периметр зерна = 13.071067690849304
2016-10-26 20:38:22 : Максимальный периметр зерна = 1132.0
2016-10-26 20:38:22 : Средний периметр зерна = 226.19779786095023


2016-10-26 20:38:41 : Число зерен = 32
2016-10-26 20:38:41 : Минимальная площадь зерна = 10.5
2016-10-26 20:38:41 : Максимальная площадь зерна = 78793.0
2016-10-26 20:38:41 : Средняя площадь зерна = 4720.28125
2016-10-26 20:38:41 : Минимальный периметр зерна = 13.071067690849304
2016-10-26 20:38:41 : Максимальный периметр зерна = 1132.0
2016-10-26 20:38:41 : Средний периметр зерна = 226.19779786095023


2016-10-26 20:39:21 : Число зерен = 32
2016-10-26 20:39:21 : Минимальная площадь зерна = 10.5
2016-10-26 20:39:21 : Максимальная площадь зерна = 78793.0
2016-10-26 20:39:21 : Средняя площадь зерна = 4720.28125
2016-10-26 20:39:21 : Минимальный периметр зерна = 13.071067690849304
2016-10-26 20:39:21 : Максимальный периметр зерна = 1132.0
2016-10-26 20:39:21 : Средний периметр зерна = 226.19779786095023


2016-10-26 20:39:41 : Число зерен = 32
2016-10-26 20:39:41 : Минимальная площадь зерна = 10.5
2016-10-26 20:39:41 : Максимальная площадь зерна = 78793.0
2016-10-26 20:39:41 : Средняя площадь зерна = 4720.28125
2016-10-26 20:39:41 : Минимальный периметр зерна = 13.071067690849304
2016-10-26 20:39:41 : Максимальный периметр зерна = 1132.0
2016-10-26 20:39:41 : Средний периметр зерна = 226.19779786095023


2016-10-26 20:39:50 : Число зерен = 32
2016-10-26 20:39:50 : Минимальная площадь зерна = 10.5
2016-10-26 20:39:50 : Максимальная площадь зерна = 78793.0
2016-10-26 20:39:50 : Средняя площадь зерна = 4720.28125
2016-10-26 20:39:50 : Минимальный периметр зерна = 13.071067690849304
2016-10-26 20:39:50 : Максимальный периметр зерна = 1132.0
2016-10-26 20:39:50 : Средний периметр зерна = 226.19779786095023


2016-10-26 20:40:07 : Число зерен = 32
2016-10-26 20:40:07 : Минимальная площадь зерна = 10.5
2016-10-26 20:40:07 : Максимальная площадь зерна = 78793.0
2016-10-26 20:40:07 : Средняя площадь зерна = 4720.28125
2016-10-26 20:40:07 : Минимальный периметр зерна = 13.071067690849304
2016-10-26 20:40:07 : Максимальный периметр зерна = 1132.0
2016-10-26 20:40:07 : Средний периметр зерна = 226.19779786095023


2016-10-26 20:41:13 : Число зерен = 32
2016-10-26 20:41:13 : Минимальная площадь зерна = 10.5
2016-10-26 20:41:13 : Максимальная площадь зерна = 78793.0
2016-10-26 20:41:13 : Средняя площадь зерна = 4720.28125
2016-10-26 20:41:13 : Минимальный периметр зерна = 13.071067690849304
2016-10-26 20:41:13 : Максимальный периметр зерна = 1132.0
2016-10-26 20:41:13 : Средний периметр зерна = 226.19779786095023


2016-10-26 20:41:23 : Число зерен = 32
2016-10-26 20:41:23 : Минимальная площадь зерна = 10.5
2016-10-26 20:41:23 : Максимальная площадь зерна = 78793.0
2016-10-26 20:41:23 : Средняя площадь зерна = 4720.28125
2016-10-26 20:41:23 : Минимальный периметр зерна = 13.071067690849304
2016-10-26 20:41:23 : Максимальный периметр зерна = 1132.0
2016-10-26 20:41:23 : Средний периметр зерна = 226.19779786095023


2016-10-26 20:41:44 : Число зерен = 32
2016-10-26 20:41:44 : Минимальная площадь зерна = 10.5
2016-10-26 20:41:44 : Максимальная площадь зерна = 78793.0
2016-10-26 20:41:44 : Средняя площадь зерна = 4720.28125
2016-10-26 20:41:44 : Минимальный периметр зерна = 13.071067690849304
2016-10-26 20:41:44 : Максимальный периметр зерна = 1132.0
2016-10-26 20:41:44 : Средний периметр зерна = 226.19779786095023


2016-10-26 20:41:56 : Число зерен = 32
2016-10-26 20:41:56 : Минимальная площадь зерна = 10.5
2016-10-26 20:41:56 : Максимальная площадь зерна = 78793.0
2016-10-26 20:41:56 : Средняя площадь зерна = 4720.28125
2016-10-26 20:41:56 : Минимальный периметр зерна = 13.071067690849304
2016-10-26 20:41:56 : Максимальный периметр зерна = 1132.0
2016-10-26 20:41:56 : Средний периметр зерна = 226.19779786095023


2016-10-26 20:42:59 : Число зерен = 32
2016-10-26 20:42:59 : Минимальная площадь зерна = 10.5
2016-10-26 20:42:59 : Максимальная площадь зерна = 78793.0
2016-10-26 20:42:59 : Средняя площадь зерна = 4720.28125
2016-10-26 20:42:59 : Минимальный периметр зерна = 13.071067690849304
2016-10-26 20:42:59 : Максимальный периметр зерна = 1132.0
2016-10-26 20:42:59 : Средний периметр зерна = 226.19779786095023


2016-10-26 20:43:10 : Число зерен = 32
2016-10-26 20:43:10 : Минимальная площадь зерна = 10.5
2016-10-26 20:43:10 : Максимальная площадь зерна = 78793.0
2016-10-26 20:43:10 : Средняя площадь зерна = 4720.28125
2016-10-26 20:43:10 : Минимальный периметр зерна = 13.071067690849304
2016-10-26 20:43:10 : Максимальный периметр зерна = 1132.0
2016-10-26 20:43:10 : Средний периметр зерна = 226.19779786095023


